2018-12-18 17:06:52,462 CRIT Supervisor running as root (no user in config file)
2018-12-18 17:06:52,466 INFO supervisord started with pid 8
2018-12-18 17:06:53,470 INFO spawned: 'cron' with pid 11
2018-12-18 17:06:53,475 INFO spawned: 'apache2' with pid 12
2018-12-18 17:06:53,554 DEBG 'apache2' stderr output:
AH00558: apache2: Could not reliably determine the server's fully qualified domain name, using 172.24.0.5. Set the 'ServerName' directive globally to suppress this message

2018-12-18 17:06:54,556 INFO success: cron entered RUNNING state, process has stayed up for > than 1 seconds (startsecs)
2018-12-18 17:06:54,556 INFO success: apache2 entered RUNNING state, process has stayed up for > than 1 seconds (startsecs)
2018-12-18 17:14:29,375 CRIT Supervisor running as root (no user in config file)
2018-12-18 17:14:29,379 INFO supervisord started with pid 8
2018-12-18 17:14:30,383 INFO spawned: 'apache2' with pid 11
2018-12-18 17:14:30,467 DEBG 'apache2' stderr output:
AH00558: apache2: Could not reliably determine the server's fully qualified domain name, using 172.24.0.5. Set the 'ServerName' directive globally to suppress this message

2018-12-18 17:14:31,469 INFO success: apache2 entered RUNNING state, process has stayed up for > than 1 seconds (startsecs)
2018-12-18 17:15:35,160 CRIT Supervisor running as root (no user in config file)
2018-12-18 17:15:35,164 INFO supervisord started with pid 7
2018-12-18 17:15:36,167 INFO spawned: 'apache2' with pid 10
2018-12-18 17:15:36,247 DEBG 'apache2' stderr output:
AH00558: apache2: Could not reliably determine the server's fully qualified domain name, using 172.24.0.5. Set the 'ServerName' directive globally to suppress this message

2018-12-18 17:15:37,248 INFO success: apache2 entered RUNNING state, process has stayed up for > than 1 seconds (startsecs)
2018-12-18 17:19:30,511 CRIT Supervisor running as root (no user in config file)
2018-12-18 17:19:30,515 INFO supervisord started with pid 9
2018-12-18 17:19:31,519 INFO spawned: 'cron' with pid 12
2018-12-18 17:19:31,523 INFO spawned: 'apache2' with pid 13
2018-12-18 17:19:31,602 DEBG 'apache2' stderr output:
AH00558: apache2: Could not reliably determine the server's fully qualified domain name, using 172.24.0.5. Set the 'ServerName' directive globally to suppress this message

2018-12-18 17:19:32,604 INFO success: cron entered RUNNING state, process has stayed up for > than 1 seconds (startsecs)
2018-12-18 17:19:32,604 INFO success: apache2 entered RUNNING state, process has stayed up for > than 1 seconds (startsecs)
2018-12-18 17:26:38,765 CRIT Supervisor running as root (no user in config file)
2018-12-18 17:26:38,769 INFO supervisord started with pid 7
2018-12-18 17:26:39,773 INFO spawned: 'cron' with pid 17
2018-12-18 17:26:39,777 INFO spawned: 'apache2' with pid 18
2018-12-18 17:26:39,871 DEBG 'apache2' stderr output:
AH00558: apache2: Could not reliably determine the server's fully qualified domain name, using 172.24.0.5. Set the 'ServerName' directive globally to suppress this message

2018-12-18 17:26:40,873 INFO success: cron entered RUNNING state, process has stayed up for > than 1 seconds (startsecs)
2018-12-18 17:26:40,873 INFO success: apache2 entered RUNNING state, process has stayed up for > than 1 seconds (startsecs)
2018-12-18 17:30:00,374 CRIT Supervisor running as root (no user in config file)
2018-12-18 17:30:00,378 INFO supervisord started with pid 8
2018-12-18 17:30:01,382 INFO spawned: 'cron' with pid 18
2018-12-18 17:30:01,387 INFO spawned: 'apache2' with pid 19
2018-12-18 17:30:01,463 DEBG 'apache2' stderr output:
AH00558: apache2: Could not reliably determine the server's fully qualified domain name, using 172.24.0.5. Set the 'ServerName' directive globally to suppress this message

2018-12-18 17:30:02,465 INFO success: cron entered RUNNING state, process has stayed up for > than 1 seconds (startsecs)
2018-12-18 17:30:02,465 INFO success: apache2 entered RUNNING state, process has stayed up for > than 1 seconds (startsecs)
2018-12-18 17:33:53,609 CRIT Supervisor running as root (no user in config file)
2018-12-18 17:33:53,614 INFO supervisord started with pid 7
2018-12-18 17:33:54,617 INFO spawned: 'cron' with pid 10
2018-12-18 17:33:54,621 INFO spawned: 'apache2' with pid 11
2018-12-18 17:33:54,706 DEBG 'apache2' stderr output:
AH00558: apache2: Could not reliably determine the server's fully qualified domain name, using 172.24.0.5. Set the 'ServerName' directive globally to suppress this message

2018-12-18 17:33:55,707 INFO success: cron entered RUNNING state, process has stayed up for > than 1 seconds (startsecs)
2018-12-18 17:33:55,708 INFO success: apache2 entered RUNNING state, process has stayed up for > than 1 seconds (startsecs)
2018-12-18 17:39:05,279 CRIT Supervisor running as root (no user in config file)
2018-12-18 17:39:05,283 INFO supervisord started with pid 8
2018-12-18 17:39:06,287 INFO spawned: 'cron' with pid 11
2018-12-18 17:39:06,290 INFO spawned: 'apache2' with pid 12
2018-12-18 17:39:06,384 DEBG 'apache2' stderr output:
AH00558: apache2: Could not reliably determine the server's fully qualified domain name, using 172.24.0.5. Set the 'ServerName' directive globally to suppress this message

2018-12-18 17:39:07,386 INFO success: cron entered RUNNING state, process has stayed up for > than 1 seconds (startsecs)
2018-12-18 17:39:07,386 INFO success: apache2 entered RUNNING state, process has stayed up for > than 1 seconds (startsecs)
2018-12-18 17:46:03,841 CRIT Supervisor running as root (no user in config file)
2018-12-18 17:46:03,849 INFO supervisord started with pid 9
2018-12-18 17:46:04,853 INFO spawned: 'cron' with pid 12
2018-12-18 17:46:04,857 INFO spawned: 'apache2' with pid 13
2018-12-18 17:46:04,937 DEBG 'apache2' stderr output:
AH00558: apache2: Could not reliably determine the server's fully qualified domain name, using 172.24.0.5. Set the 'ServerName' directive globally to suppress this message

2018-12-18 17:46:05,939 INFO success: cron entered RUNNING state, process has stayed up for > than 1 seconds (startsecs)
2018-12-18 17:46:05,939 INFO success: apache2 entered RUNNING state, process has stayed up for > than 1 seconds (startsecs)
2018-12-18 17:58:46,784 CRIT Supervisor running as root (no user in config file)
2018-12-18 17:58:46,789 INFO supervisord started with pid 7
2018-12-18 17:58:47,792 INFO spawned: 'cron' with pid 10
2018-12-18 17:58:47,797 INFO spawned: 'apache2' with pid 11
2018-12-18 17:58:47,880 DEBG 'apache2' stderr output:
AH00558: apache2: Could not reliably determine the server's fully qualified domain name, using 172.24.0.5. Set the 'ServerName' directive globally to suppress this message

2018-12-18 17:58:48,881 INFO success: cron entered RUNNING state, process has stayed up for > than 1 seconds (startsecs)
2018-12-18 17:58:48,881 INFO success: apache2 entered RUNNING state, process has stayed up for > than 1 seconds (startsecs)
2018-12-18 18:02:03,724 CRIT Supervisor running as root (no user in config file)
2018-12-18 18:02:03,729 INFO supervisord started with pid 8
2018-12-18 18:02:04,735 INFO spawned: 'cron' with pid 11
2018-12-18 18:02:04,739 INFO spawned: 'apache2' with pid 12
2018-12-18 18:02:04,867 DEBG 'apache2' stderr output:
AH00558: apache2: Could not reliably determine the server's fully qualified domain name, using 172.24.0.5. Set the 'ServerName' directive globally to suppress this message

2018-12-18 18:02:05,869 INFO success: cron entered RUNNING state, process has stayed up for > than 1 seconds (startsecs)
2018-12-18 18:02:05,869 INFO success: apache2 entered RUNNING state, process has stayed up for > than 1 seconds (startsecs)
2018-12-18 18:30:49,681 CRIT Supervisor running as root (no user in config file)
2018-12-18 18:30:49,719 INFO supervisord started with pid 8
2018-12-18 18:30:50,723 INFO spawned: 'cron' with pid 17
2018-12-18 18:30:50,728 INFO spawned: 'apache2' with pid 18
2018-12-18 18:30:50,834 DEBG 'apache2' stderr output:
AH00558: apache2: Could not reliably determine the server's fully qualified domain name, using 172.24.0.5. Set the 'ServerName' directive globally to suppress this message

2018-12-18 18:30:51,836 INFO success: cron entered RUNNING state, process has stayed up for > than 1 seconds (startsecs)
2018-12-18 18:30:51,836 INFO success: apache2 entered RUNNING state, process has stayed up for > than 1 seconds (startsecs)
